Statistical profiling result from isolate-0x2f37a40-v8.log, (3442 ticks, 92 unaccounted, 0 excluded).

 [Shared libraries]:
   ticks  total  nonlib   name
     20    0.6%          /lib/x86_64-linux-gnu/libc-2.23.so

 [JavaScript]:
   ticks  total  nonlib   name
   1022   29.7%   29.9%  LazyCompile: *computePruningTable /home/torjus/Projects/cubesolverlib/lib/bundle.js:317:42
    535   15.5%   15.6%  LazyCompile: *MoveTable.doMove /home/torjus/Projects/cubesolverlib/lib/bundle.js:1072:30
    308    8.9%    9.0%  LazyCompile: ~computePruningTable /home/torjus/Projects/cubesolverlib/lib/bundle.js:317:42
    156    4.5%    4.6%  LazyCompile: *doMove /home/torjus/Projects/cubesolverlib/lib/bundle.js:524:28
    131    3.8%    3.8%  LazyCompile: *getPermutationFromIndex /home/torjus/Projects/cubesolverlib/lib/bundle.js:845:99
    107    3.1%    3.1%  LazyCompile: *getIndexFromPermutation /home/torjus/Projects/cubesolverlib/lib/bundle.js:800:99
     81    2.4%    2.4%  Builtin: CallFunction_ReceiverIsNotNullOrUndefined
     61    1.8%    1.8%  Builtin: Call_ReceiverIsNotNullOrUndefined
     45    1.3%    1.3%  Stub: GrowArrayElementsStub
     38    1.1%    1.1%  KeyedStoreIC: A keyed store IC from the snapshot {1}
     31    0.9%    0.9%  Stub: DivideStub
     19    0.6%    0.6%  KeyedLoadIC: A keyed load IC from the snapshot
     18    0.5%    0.5%  LazyCompile: *edgePermutationMove /home/torjus/Projects/cubesolverlib/lib/bundle.js:940:87
     13    0.4%    0.4%  Stub: CEntryStub {1}
     13    0.4%    0.4%  LazyCompile: *search /home/torjus/Projects/cubesolverlib/lib/bundle.js:1257:29
     13    0.4%    0.4%  LazyCompile: *<anonymous> /home/torjus/Projects/cubesolverlib/lib/bundle.js:1050:21
     12    0.3%    0.4%  LazyCompile: ~createMoveTable /home/torjus/Projects/cubesolverlib/lib/bundle.js:1092:38
     12    0.3%    0.4%  KeyedStoreIC: A keyed store IC from the snapshot
     10    0.3%    0.3%  Stub: BinaryOpICStub(DIV:Generic*Smi->Number)
     10    0.3%    0.3%  KeyedLoadIC: A keyed load IC from the snapshot {1}
      9    0.3%    0.3%  LazyCompile: *createMoveTable /home/torjus/Projects/cubesolverlib/lib/bundle.js:1092:38
      6    0.2%    0.2%  KeyedLoadIC: A keyed load IC from the snapshot {2}
      4    0.1%    0.1%  LazyCompile: *cornerOrientationMove /home/torjus/Projects/cubesolverlib/lib/bundle.js:982:93
      3    0.1%    0.1%  Stub: FastArrayPushStub
      3    0.1%    0.1%  Builtin: Call_ReceiverIsNullOrUndefined
      2    0.1%    0.1%  Stub: FastCloneShallowArrayStub
      2    0.1%    0.1%  Stub: CEntryStub
      2    0.1%    0.1%  Stub: BinaryOpICStub
      2    0.1%    0.1%  LazyCompile: *getVector /home/torjus/Projects/cubesolverlib/lib/bundle.js:530:34
      2    0.1%    0.1%  LazyCompile: *getVector /home/torjus/Projects/cubesolverlib/lib/bundle.js:511:34
      2    0.1%    0.1%  LazyCompile: *getMergeCoord /home/torjus/Projects/cubesolverlib/lib/bundle.js:572:45
      2    0.1%    0.1%  LazyCompile: *getIndex /home/torjus/Projects/cubesolverlib/lib/bundle.js:611:32
      2    0.1%    0.1%  Handler: An IC handler from the snapshot {1}
      2    0.1%    0.1%  Builtin: ArraySlice
      2    0.1%    0.1%  Builtin: ArrayConcat
      2    0.1%    0.1%  Builtin: ArgumentsAdaptorTrampoline
      1    0.0%    0.0%  Stub: ToBooleanICStub(Undefined,Smi)
      1    0.0%    0.0%  Stub: LoadConstantStub
      1    0.0%    0.0%  Stub: GrowArrayElementsStub {1}
      1    0.0%    0.0%  Stub: FastNewFunctionContextStub
      1    0.0%    0.0%  Stub: BinaryOpICStub {1}
      1    0.0%    0.0%  LazyCompile: ~search /home/torjus/Projects/cubesolverlib/lib/bundle.js:1257:29
      1    0.0%    0.0%  LazyCompile: ~getPermutationFromIndex /home/torjus/Projects/cubesolverlib/lib/bundle.js:845:99
      1    0.0%    0.0%  LazyCompile: ~edgeOrientationMove /home/torjus/Projects/cubesolverlib/lib/bundle.js:951:87
      1    0.0%    0.0%  LazyCompile: *getVector /home/torjus/Projects/cubesolverlib/lib/bundle.js:561:34
      1    0.0%    0.0%  LazyCompile: *getPruningValue /home/torjus/Projects/cubesolverlib/lib/bundle.js:312:38
      1    0.0%    0.0%  LazyCompile: *getIndex /home/torjus/Projects/cubesolverlib/lib/bundle.js:544:32
      1    0.0%    0.0%  LazyCompile: *getIndex /home/torjus/Projects/cubesolverlib/lib/bundle.js:515:32
      1    0.0%    0.0%  LazyCompile: *edgeOrientationMove /home/torjus/Projects/cubesolverlib/lib/bundle.js:951:87
      1    0.0%    0.0%  Handler: setPruningValue
      1    0.0%    0.0%  Handler: charAt
      1    0.0%    0.0%  Handler: An IC handler from the snapshot {2}
      1    0.0%    0.0%  Handler: An IC handler from the snapshot
      1    0.0%    0.0%  Builtin: ObjectGetPrototypeOf
      1    0.0%    0.0%  Builtin: FunctionPrototypeHasInstance
      1    0.0%    0.0%  Builtin: CallFunction_ReceiverIsAny

 [C++]:
   ticks  total  nonlib   name
     60    1.7%    1.8%  v8::internal::(anonymous namespace)::CopyObjectToObjectElements(v8::internal::FixedArrayBase*, v8::internal::ElementsKind, unsigned int, v8::internal::FixedArrayBase*, v8::internal::ElementsKind, unsigned int, int)
     45    1.3%    1.3%  v8::internal::(anonymous namespace)::Fast_ArrayConcat(v8::internal::Isolate*, v8::internal::BuiltinArguments*)
     40    1.2%    1.2%  v8::internal::Factory::NewJSArray(v8::internal::ElementsKind, int, int, v8::internal::ArrayStorageAllocationMode, v8::internal::PretenureFlag)
     33    1.0%    1.0%  v8::internal::ElementsAccessor::Concat(v8::internal::Isolate*, v8::internal::Arguments*, unsigned int, unsigned int)
     28    0.8%    0.8%  v8::internal::Factory::NewJSArrayStorage(v8::internal::Handle<v8::internal::JSArray>, int, int, v8::internal::ArrayStorageAllocationMode)
     25    0.7%    0.7%  v8::internal::Heap::AllocateJSObjectFromMap(v8::internal::Map*, v8::internal::PretenureFlag, v8::internal::AllocationSite*)
     24    0.7%    0.7%  node::ContextifyScript::New(v8::FunctionCallbackInfo<v8::Value> const&)
     23    0.7%    0.7%  v8::internal::Heap::AllocateRaw(int, v8::internal::AllocationSpace, v8::internal::AllocationAlignment)
     20    0.6%    0.6%  v8::internal::Builtin_Impl_ArrayConcat(v8::internal::BuiltinArguments, v8::internal::Isolate*)
     16    0.5%    0.5%  v8::internal::Builtin_Impl_ArraySlice(v8::internal::BuiltinArguments, v8::internal::Isolate*)
     13    0.4%    0.4%  v8::internal::Heap::InitializeJSObjectBody(v8::internal::JSObject*, v8::internal::Map*, int)
     11    0.3%    0.3%  v8::internal::Factory::NewJSObjectFromMap(v8::internal::Handle<v8::internal::Map>, v8::internal::PretenureFlag, v8::internal::Handle<v8::internal::AllocationSite>)
     11    0.3%    0.3%  v8::internal::(anonymous namespace)::ElementsAccessorBase<v8::internal::(anonymous namespace)::FastPackedSmiElementsAccessor, v8::internal::(anonymous namespace)::ElementsKindTraits<(v8::internal::ElementsKind)0> >::CopyElements(v8::internal::JSObject*, unsigned int, v8::internal::ElementsKind, v8::internal::Handle<v8::internal::FixedArrayBase>, unsigned int, int)
      9    0.3%    0.3%  write
      9    0.3%    0.3%  void v8::internal::BodyDescriptorBase::IterateBodyImpl<v8::internal::StaticScavengeVisitor<(v8::internal::PromotionMode)1> >(v8::internal::Heap*, v8::internal::HeapObject*, int, int)
      9    0.3%    0.3%  v8::internal::Object::ToUint32(unsigned int*)
      9    0.3%    0.3%  v8::internal::JSObject::GetElementsAccessor()
      8    0.2%    0.2%  v8::internal::Factory::NewUninitializedFixedArray(int)
      7    0.2%    0.2%  v8::internal::IsMoreGeneralElementsKindTransition(v8::internal::ElementsKind, v8::internal::ElementsKind)
      7    0.2%    0.2%  v8::internal::IncrementalMarking::MarkGrey(v8::internal::Heap*, v8::internal::HeapObject*)
      7    0.2%    0.2%  v8::internal::(anonymous namespace)::ElementsAccessorBase<v8::internal::(anonymous namespace)::FastPackedSmiElementsAccessor, v8::internal::(anonymous namespace)::ElementsKindTraits<(v8::internal::ElementsKind)0> >::Unshift(v8::internal::Handle<v8::internal::JSArray>, v8::internal::Arguments*, unsigned int)
      7    0.2%    0.2%  v8::internal::(anonymous namespace)::ElementsAccessorBase<v8::internal::(anonymous namespace)::FastPackedSmiElementsAccessor, v8::internal::(anonymous namespace)::ElementsKindTraits<(v8::internal::ElementsKind)0> >::HasAccessors(v8::internal::JSObject*)
      6    0.2%    0.2%  v8::internal::Builtin_ArrayUnshift(int, v8::internal::Object**, v8::internal::Isolate*)
      6    0.2%    0.2%  v8::internal::Builtin_ArrayConcat(int, v8::internal::Object**, v8::internal::Isolate*)
      5    0.1%    0.1%  v8::internal::Heap::RecordWrite(v8::internal::Object*, int, v8::internal::Object*) [clone .isra.119]
      5    0.1%    0.1%  v8::internal::Heap::AllocateUninitializedFixedArray(int)
      4    0.1%    0.1%  v8::internal::Scanner::ScanIdentifierOrKeyword()
      4    0.1%    0.1%  v8::internal::JSObject::GetElementsTransitionMap(v8::internal::Handle<v8::internal::JSObject>, v8::internal::ElementsKind)
      4    0.1%    0.1%  v8::internal::Heap::RecordWrite(v8::internal::Object*, int, v8::internal::Object*) [clone .isra.484]
      4    0.1%    0.1%  v8::internal::Heap::IteratePromotedObjectPointers(v8::internal::HeapObject*, unsigned char*, unsigned char*, bool, void (*)(v8::internal::HeapObject**, v8::internal::HeapObject*))
      4    0.1%    0.1%  v8::internal::Heap::DoScavenge(v8::internal::ObjectVisitor*, unsigned char*, v8::internal::PromotionMode)
      4    0.1%    0.1%  v8::internal::Deserializer::ReadData(v8::internal::Object**, v8::internal::Object**, int, unsigned char*)
      4    0.1%    0.1%  v8::internal::Builtin_ArraySlice(int, v8::internal::Object**, v8::internal::Isolate*)
      4    0.1%    0.1%  v8::internal::(anonymous namespace)::ElementsAccessorBase<v8::internal::(anonymous namespace)::FastPackedSmiElementsAccessor, v8::internal::(anonymous namespace)::ElementsKindTraits<(v8::internal::ElementsKind)0> >::Slice(v8::internal::Handle<v8::internal::JSObject>, unsigned int, unsigned int)
      4    0.1%    0.1%  v8::internal::(anonymous namespace)::ElementsAccessorBase<v8::internal::(anonymous namespace)::FastHoleySmiElementsAccessor, v8::internal::(anonymous namespace)::ElementsKindTraits<(v8::internal::ElementsKind)1> >::GetEntryForIndex(v8::internal::JSObject*, v8::internal::FixedArrayBase*, unsigned int)
      4    0.1%    0.1%  do_futex_wait
      4    0.1%    0.1%  __lll_unlock_wake
      3    0.1%    0.1%  void v8::internal::LookupIterator::NextInternal<true>(v8::internal::Map*, v8::internal::JSReceiver*)
      3    0.1%    0.1%  v8::internal::Object::SetProperty(v8::internal::LookupIterator*, v8::internal::Handle<v8::internal::Object>, v8::internal::LanguageMode, v8::internal::Object::StoreFromKeyed)
      3    0.1%    0.1%  v8::internal::JSObject::AddDataElement(v8::internal::Handle<v8::internal::JSObject>, unsigned int, v8::internal::Handle<v8::internal::Object>, v8::internal::PropertyAttributes, v8::internal::Object::ShouldThrow)
      3    0.1%    0.1%  v8::internal::Isolate::get_initial_js_array_map(v8::internal::ElementsKind)
      3    0.1%    0.1%  v8::internal::Isolate::IsIsConcatSpreadableLookupChainIntact()
      3    0.1%    0.1%  munmap
      3    0.1%    0.1%  __libc_malloc
      2    0.1%    0.1%  void v8::internal::LookupIterator::Start<true>()
      2    0.1%    0.1%  void v8::internal::BodyDescriptorBase::IteratePointers<v8::internal::IncrementalMarkingMarkingVisitor>(v8::internal::Heap*, v8::internal::HeapObject*, int, int)
      2    0.1%    0.1%  v8::internal::TranslationBuffer::Add(int, v8::internal::Zone*)
      2    0.1%    0.1%  v8::internal::Scavenger::ScavengeObjectSlow(v8::internal::HeapObject**, v8::internal::HeapObject*)
      2    0.1%    0.1%  v8::internal::Scavenger::CheckAndScavengeObject(v8::internal::Heap*, unsigned char*)
      2    0.1%    0.1%  v8::internal::Object* v8::internal::VisitWeakList<v8::internal::JSFunction>(v8::internal::Heap*, v8::internal::Object*, v8::internal::WeakObjectRetainer*)
      2    0.1%    0.1%  v8::internal::NewSpace::AddFreshPage()
      2    0.1%    0.1%  v8::internal::LookupIterator::WriteDataValue(v8::internal::Handle<v8::internal::Object>)
      2    0.1%    0.1%  v8::internal::Log::MessageBuilder::AppendDoubleQuotedString(char const*)
      2    0.1%    0.1%  v8::internal::JSObject::set_elements(v8::internal::FixedArrayBase*, v8::internal::WriteBarrierMode) [clone .part.350] [clone .constprop.547]
      2    0.1%    0.1%  v8::internal::JSObject::UpdateAllocationSite(v8::internal::Handle<v8::internal::JSObject>, v8::internal::ElementsKind)
      2    0.1%    0.1%  v8::internal::IncrementalMarkingMarkingVisitor::VisitFixedArrayIncremental(v8::internal::Map*, v8::internal::HeapObject*)
      2    0.1%    0.1%  v8::internal::Heap::MoveElements(v8::internal::FixedArray*, int, int, int)
      2    0.1%    0.1%  v8::internal::HInstruction::position() const
      2    0.1%    0.1%  v8::internal::FixStaleLeftTrimmedHandlesVisitor::VisitPointers(v8::internal::Object**, v8::internal::Object**)
      2    0.1%    0.1%  node::Binding(v8::FunctionCallbackInfo<v8::Value> const&)
      1    0.0%    0.0%  void v8::internal::ScavengingVisitor<(v8::internal::MarksHandling)1, (v8::internal::PromotionMode)1, (v8::internal::LoggingAndProfiling)0>::EvacuateObject<(v8::internal::ScavengingVisitor<(v8::internal::MarksHandling)1, (v8::internal::PromotionMode)1, (v8::internal::LoggingAndProfiling)0>::ObjectContents)1, (v8::internal::AllocationAlignment)0>(v8::internal::Map*, v8::internal::HeapObject**, v8::internal::HeapObject*, int)
      1    0.0%    0.0%  void v8::internal::Scanner::Advance<false, true>()
      1    0.0%    0.0%  void v8::internal::LookupIterator::Start<false>()
      1    0.0%    0.0%  v8::internal::compiler::Instruction::Instruction(int, unsigned long, v8::internal::compiler::InstructionOperand*, unsigned long, v8::internal::compiler::InstructionOperand*, unsigned long, v8::internal::compiler::InstructionOperand*)
      1    0.0%    0.0%  v8::internal::compiler::CommonOperatorBuilder::End(unsigned long)
      1    0.0%    0.0%  v8::internal::Zone::New(unsigned long)
      1    0.0%    0.0%  v8::internal::UnhandledSortHelper(v8::internal::LiveRange* const*, v8::internal::LiveRange* const*)
      1    0.0%    0.0%  v8::internal::String::IsOneByteEqualTo(v8::internal::Vector<unsigned char const>)
      1    0.0%    0.0%  v8::internal::StaticMarkingVisitor<v8::internal::IncrementalMarkingMarkingVisitor>::MarkMapContents(v8::internal::Heap*, v8::internal::Map*)
      1    0.0%    0.0%  v8::internal::Statement::IsJump() const
      1    0.0%    0.0%  v8::internal::SharedFunctionInfo::DebugName()
      1    0.0%    0.0%  v8::internal::Scope::CheckConflictingVarDeclarations()
      1    0.0%    0.0%  v8::internal::Scanner::PeekAhead()
      1    0.0%    0.0%  v8::internal::Runtime_CreateArrayLiteralStubBailout(int, v8::internal::Object**, v8::internal::Isolate*)
      1    0.0%    0.0%  v8::internal::RuntimeProfiler::MarkCandidatesForOptimization()
      1    0.0%    0.0%  v8::internal::RelocIterator::next()
      1    0.0%    0.0%  v8::internal::RelocInfoWriter::Write(v8::internal::RelocInfo const*)
      1    0.0%    0.0%  v8::internal::RegExpMacroAssemblerX64::stack_limit_slack()
      1    0.0%    0.0%  v8::internal::PatchIncrementalMarkingRecordWriteStubs(v8::internal::Heap*, v8::internal::RecordWriteStub::Mode)
      1    0.0%    0.0%  v8::internal::ParserBaseTraits<v8::internal::Parser>::IsThisProperty(v8::internal::Expression*)
      1    0.0%    0.0%  v8::internal::ParserBase<v8::internal::Parser>::ParsePrimaryExpression(v8::internal::ExpressionClassifier<v8::internal::ParserBaseTraits<v8::internal::Parser> >*, bool*, bool*)
      1    0.0%    0.0%  v8::internal::ParserBase<v8::internal::Parser>::ParseLeftHandSideExpression(v8::internal::ExpressionClassifier<v8::internal::ParserBaseTraits<v8::internal::Parser> >*, bool*) [clone .part.599]
      1    0.0%    0.0%  v8::internal::ParserBase<v8::internal::Parser>::ParseExpression(bool, bool*)
      1    0.0%    0.0%  v8::internal::ParserBase<v8::internal::Parser>::ParseAssignmentExpression(bool, v8::internal::ExpressionClassifier<v8::internal::ParserBaseTraits<v8::internal::Parser> >*, bool*)
      1    0.0%    0.0%  v8::internal::ParserBase<v8::internal::Parser>::Expect(v8::internal::Token::Value, bool*)
      1    0.0%    0.0%  v8::internal::ParserBase<v8::internal::Parser>::BindingPatternUnexpectedToken(v8::internal::ExpressionClassifier<v8::internal::ParserBaseTraits<v8::internal::Parser> >*)
      1    0.0%    0.0%  v8::internal::Parser::PatternRewriter::DeclareAndInitializeVariables(v8::internal::Block*, v8::internal::Parser::DeclarationDescriptor const*, v8::internal::Parser::DeclarationParsingResult::Declaration const*, v8::internal::ZoneList<v8::internal::AstRawString const*>*, bool*)
      1    0.0%    0.0%  v8::internal::Parser::ParseWhileStatement(v8::internal::ZoneList<v8::internal::AstRawString const*>*, bool*)
      1    0.0%    0.0%  v8::internal::Parser::ParseSubStatement(v8::internal::ZoneList<v8::internal::AstRawString const*>*, v8::internal::AllowLabelledFunctionStatement, bool*)
      1    0.0%    0.0%  v8::internal::PagedSpace::AllocateRawUnaligned(int, v8::internal::PagedSpace::UpdateSkipList)
      1    0.0%    0.0%  v8::internal::Object::ToInt32(int*)
      1    0.0%    0.0%  v8::internal::Object::AddDataProperty(v8::internal::LookupIterator*, v8::internal::Handle<v8::internal::Object>, v8::internal::PropertyAttributes, v8::internal::Object::ShouldThrow, v8::internal::Object::StoreFromKeyed)
      1    0.0%    0.0%  v8::internal::NewSpace::EnsureAllocation(int, v8::internal::AllocationAlignment)
      1    0.0%    0.0%  v8::internal::MacroAssembler::AssertSmi(v8::internal::Register)
      1    0.0%    0.0%  v8::internal::LookupIterator::ApplyTransitionToDataProperty(v8::internal::Handle<v8::internal::JSObject>)
      1    0.0%    0.0%  v8::internal::LGapResolver::BuildInitialMoveList(v8::internal::LParallelMove*)
      1    0.0%    0.0%  v8::internal::LChunkBuilderBase::CreateEnvironment(v8::internal::HEnvironment*, int*, v8::internal::ZoneList<v8::internal::HValue*>*)
      1    0.0%    0.0%  v8::internal::LChunkBuilder::Build()
      1    0.0%    0.0%  v8::internal::LChunk::MarkEmptyBlocks()
      1    0.0%    0.0%  v8::internal::LAllocator::TryAllocateFreeReg(v8::internal::LiveRange*)
      1    0.0%    0.0%  v8::internal::LAllocator::LiveRangeFor(int)
      1    0.0%    0.0%  v8::internal::LAllocator::FixedDoubleLiveRangeFor(int)
      1    0.0%    0.0%  v8::internal::InnerPointerToCodeCache::GcSafeFindCodeForInnerPointer(unsigned char*)
      1    0.0%    0.0%  v8::internal::IncrementalMarking::Step(long, v8::internal::IncrementalMarking::CompletionAction, v8::internal::IncrementalMarking::ForceMarkingAction, v8::internal::IncrementalMarking::ForceCompletionAction)
      1    0.0%    0.0%  v8::internal::IC::IC(v8::internal::IC::FrameDepth, v8::internal::Isolate*, v8::internal::FeedbackNexus*)
      1    0.0%    0.0%  v8::internal::IC::ConfigureVectorState(v8::internal::Handle<v8::internal::Name>, v8::internal::Handle<v8::internal::Map>, v8::internal::Handle<v8::internal::Object>)
      1    0.0%    0.0%  v8::internal::HeapObjectIterator::Next()
      1    0.0%    0.0%  v8::internal::HeapObject::SizeFromMap(v8::internal::Map*)
      1    0.0%    0.0%  v8::internal::Heap::RecordWrite(v8::internal::Object*, int, v8::internal::Object*) [clone .isra.410]
      1    0.0%    0.0%  v8::internal::Heap::ProcessPretenuringFeedback()
      1    0.0%    0.0%  v8::internal::Heap::CanMoveObjectStart(v8::internal::HeapObject*)
      1    0.0%    0.0%  v8::internal::Heap::AllocateStruct(v8::internal::InstanceType)
      1    0.0%    0.0%  v8::internal::Heap::AllocateFixedArray(int, v8::internal::PretenureFlag)
      1    0.0%    0.0%  v8::internal::HValue::Canonicalize()
      1    0.0%    0.0%  v8::internal::HUseIterator::Advance()
      1    0.0%    0.0%  v8::internal::HPhi::InternalSetOperandAt(int, v8::internal::HValue*)
      1    0.0%    0.0%  v8::internal::HOptimizedGraphBuilder::VisitForControl(v8::internal::Expression*, v8::internal::HBasicBlock*, v8::internal::HBasicBlock*)
      1    0.0%    0.0%  v8::internal::HLoadEliminationTable::Process(v8::internal::HInstruction*, v8::internal::Zone*)
      1    0.0%    0.0%  v8::internal::HGraphBuilder::FinishCurrentBlock(v8::internal::HControlInstruction*)
      1    0.0%    0.0%  v8::internal::HGraph::FinalizeUniqueness()
      1    0.0%    0.0%  v8::internal::HEnvironment::Copy() const
      1    0.0%    0.0%  v8::internal::HCheckHeapObject::opcode() const
      1    0.0%    0.0%  v8::internal::GCTracer::Scope::~Scope()
      1    0.0%    0.0%  v8::internal::FullCodeGenerator::VisitAssignment(v8::internal::Assignment*)
      1    0.0%    0.0%  v8::internal::FixedArray::set(int, v8::internal::Object*, v8::internal::WriteBarrierMode)
      1    0.0%    0.0%  v8::internal::FixedArray::set(int, v8::internal::Object*)
      1    0.0%    0.0%  v8::internal::Dictionary<v8::internal::NameDictionary, v8::internal::NameDictionaryShape, v8::internal::Handle<v8::internal::Name> >::Add(v8::internal::Handle<v8::internal::NameDictionary>, v8::internal::Handle<v8::internal::Name>, v8::internal::Handle<v8::internal::Object>, v8::internal::PropertyDetails, int*)
      1    0.0%    0.0%  v8::internal::Deserializer::ReadObject(int, v8::internal::Object**)
      1    0.0%    0.0%  v8::internal::DeclarationScope::DeclarationScope(v8::internal::Zone*)
      1    0.0%    0.0%  v8::internal::ContextSlotCache::Lookup(v8::internal::Object*, v8::internal::String*, v8::internal::VariableMode*, v8::internal::InitializationFlag*, v8::internal::MaybeAssignedFlag*)
      1    0.0%    0.0%  v8::internal::CanonicalHandleScope::Lookup(v8::internal::Object*)
      1    0.0%    0.0%  v8::internal::BinaryOpICState::GetExtraICState() const
      1    0.0%    0.0%  v8::internal::AstTyper::VisitCompareOperation(v8::internal::CompareOperation*)
      1    0.0%    0.0%  v8::internal::Assembler::vsd(unsigned char, v8::internal::XMMRegister, v8::internal::XMMRegister, v8::internal::XMMRegister, v8::internal::Assembler::SIMDPrefix, v8::internal::Assembler::LeadingOpcode, v8::internal::Assembler::VexW)
      1    0.0%    0.0%  v8::internal::AllocationResult::AllocationResult(v8::internal::Object*)
      1    0.0%    0.0%  v8::internal::AggregatedMemoryHistogram<v8::internal::Histogram>::AddSample(double, double) [clone .part.51]
      1    0.0%    0.0%  v8::internal::(anonymous namespace)::RecordFunctionCompilation(v8::internal::CodeEventListener::LogEventsAndTags, v8::internal::CompilationInfo*)
      1    0.0%    0.0%  v8::internal::(anonymous namespace)::FastElementsAccessor<v8::internal::(anonymous namespace)::FastPackedSmiElementsAccessor, v8::internal::(anonymous namespace)::ElementsKindTraits<(v8::internal::ElementsKind)0> >::MoveElements(v8::internal::Isolate*, v8::internal::Handle<v8::internal::JSArray>, v8::internal::Handle<v8::internal::FixedArrayBase>, int, int, int, int, int)
      1    0.0%    0.0%  v8::internal::(anonymous namespace)::ElementsAccessorBase<v8::internal::(anonymous namespace)::FastHoleySmiElementsAccessor, v8::internal::(anonymous namespace)::ElementsKindTraits<(v8::internal::ElementsKind)1> >::Slice(v8::internal::Handle<v8::internal::JSObject>, unsigned int, unsigned int)
      1    0.0%    0.0%  v8::(anonymous namespace)::CallDepthScope<false>::CallDepthScope(v8::internal::Isolate*, v8::Local<v8::Context>)
      1    0.0%    0.0%  std::ios_base::_M_init()
      1    0.0%    0.0%  sem_timedwait
      1    0.0%    0.0%  node::Buffer::SetupBufferJS(v8::FunctionCallbackInfo<v8::Value> const&)
      1    0.0%    0.0%  mmap
      1    0.0%    0.0%  __lll_lock_wait
      1    0.0%    0.0%  __clock_gettime
      1    0.0%    0.0%  __GI___pthread_mutex_unlock
      1    0.0%    0.0%  _IO_default_xsputn

 [Summary]:
   ticks  total  nonlib   name
   2702   78.5%   79.0%  JavaScript
    628   18.2%   18.4%  C++
     53    1.5%    1.5%  GC
     20    0.6%          Shared libraries
     92    2.7%          Unaccounted

 [C++ entry points]:
   ticks    cpp   total   name
    298   52.1%    8.7%  v8::internal::Builtin_ArrayConcat(int, v8::internal::Object**, v8::internal::Isolate*)
     97   17.0%    2.8%  v8::internal::Builtin_ArraySlice(int, v8::internal::Object**, v8::internal::Isolate*)
     27    4.7%    0.8%  v8::internal::Builtin_HandleApiCall(int, v8::internal::Object**, v8::internal::Isolate*)
     25    4.4%    0.7%  v8::internal::Runtime_CompileLazy(int, v8::internal::Object**, v8::internal::Isolate*)
     25    4.4%    0.7%  v8::internal::Builtin_ArrayUnshift(int, v8::internal::Object**, v8::internal::Isolate*)
     23    4.0%    0.7%  v8::internal::Runtime_SetProperty(int, v8::internal::Object**, v8::internal::Isolate*)
     14    2.4%    0.4%  v8::internal::Runtime_CompileForOnStackReplacement(int, v8::internal::Object**, v8::internal::Isolate*)
     13    2.3%    0.4%  v8::internal::Runtime_CompileOptimized_Concurrent(int, v8::internal::Object**, v8::internal::Isolate*)
      9    1.6%    0.3%  v8::internal::Runtime_GrowArrayElements(int, v8::internal::Object**, v8::internal::Isolate*)
      8    1.4%    0.2%  v8::internal::Runtime_AllocateInNewSpace(int, v8::internal::Object**, v8::internal::Isolate*)
      7    1.2%    0.2%  v8::internal::Runtime_StoreIC_Miss(int, v8::internal::Object**, v8::internal::Isolate*)
      6    1.0%    0.2%  v8::internal::Runtime_StackGuard(int, v8::internal::Object**, v8::internal::Isolate*)
      5    0.9%    0.1%  v8::internal::Runtime_LoadIC_Miss(int, v8::internal::Object**, v8::internal::Isolate*)
      4    0.7%    0.1%  v8::internal::Runtime_TryInstallOptimizedCode(int, v8::internal::Object**, v8::internal::Isolate*)
      2    0.3%    0.1%  v8::internal::Runtime_Interrupt(int, v8::internal::Object**, v8::internal::Isolate*)
      1    0.2%    0.0%  v8::internal::Runtime_RegExpExec(int, v8::internal::Object**, v8::internal::Isolate*)
      1    0.2%    0.0%  v8::internal::Runtime_NotifyDeoptimized(int, v8::internal::Object**, v8::internal::Isolate*)
      1    0.2%    0.0%  v8::internal::Runtime_KeyedStoreIC_Miss(int, v8::internal::Object**, v8::internal::Isolate*)
      1    0.2%    0.0%  v8::internal::Runtime_CreateArrayLiteralStubBailout(int, v8::internal::Object**, v8::internal::Isolate*)
      1    0.2%    0.0%  v8::internal::Runtime_CompareIC_Miss(int, v8::internal::Object**, v8::internal::Isolate*)
      1    0.2%    0.0%  v8::internal::Runtime_BinaryOpIC_Miss(int, v8::internal::Object**, v8::internal::Isolate*)
      1    0.2%    0.0%  v8::internal::Runtime_AllocateInTargetSpace(int, v8::internal::Object**, v8::internal::Isolate*)
      1    0.2%    0.0%  v8::internal::Object::AddDataProperty(v8::internal::LookupIterator*, v8::internal::Handle<v8::internal::Object>, v8::internal::PropertyAttributes, v8::internal::Object::ShouldThrow, v8::internal::Object::StoreFromKeyed)
      1    0.2%    0.0%  v8::internal::(anonymous namespace)::Fast_ArrayConcat(v8::internal::Isolate*, v8::internal::BuiltinArguments*)

 [Bottom up (heavy) profile]:
  Note: percentage shows a share of a particular caller in the total
  amount of its parent calls.
  Callers occupying less than 2.0% are not shown.

   ticks parent  name
   1022   29.7%  LazyCompile: *computePruningTable /home/torjus/Projects/cubesolverlib/lib/bundle.js:317:42
   1022  100.0%    LazyCompile: ~PruningTable /home/torjus/Projects/cubesolverlib/lib/bundle.js:297:26
   1022  100.0%      LazyCompile: ~_loop /home/torjus/Projects/cubesolverlib/lib/bundle.js:1201:35
   1022  100.0%        LazyCompile: ~Search /home/torjus/Projects/cubesolverlib/lib/bundle.js:1183:20
    560   54.8%          LazyCompile: ~<anonymous> /home/torjus/Projects/cubesolverlib/lib/bundle.js:421:19
    560  100.0%            Function: ~<anonymous> /home/torjus/Projects/cubesolverlib/lib/bundle.js:406:107
    462   45.2%          LazyCompile: ~PhaseOneSearch /home/torjus/Projects/cubesolverlib/lib/bundle.js:623:28
    462  100.0%            LazyCompile: ~<anonymous> /home/torjus/Projects/cubesolverlib/lib/bundle.js:421:19

    535   15.5%  LazyCompile: *MoveTable.doMove /home/torjus/Projects/cubesolverlib/lib/bundle.js:1072:30
    292   54.6%    LazyCompile: *computePruningTable /home/torjus/Projects/cubesolverlib/lib/bundle.js:317:42
    292  100.0%      LazyCompile: ~PruningTable /home/torjus/Projects/cubesolverlib/lib/bundle.js:297:26
    292  100.0%        LazyCompile: ~_loop /home/torjus/Projects/cubesolverlib/lib/bundle.js:1201:35
    292  100.0%          LazyCompile: ~Search /home/torjus/Projects/cubesolverlib/lib/bundle.js:1183:20
    186   63.7%            LazyCompile: ~<anonymous> /home/torjus/Projects/cubesolverlib/lib/bundle.js:421:19
    106   36.3%            LazyCompile: ~PhaseOneSearch /home/torjus/Projects/cubesolverlib/lib/bundle.js:623:28
    241   45.0%    LazyCompile: ~computePruningTable /home/torjus/Projects/cubesolverlib/lib/bundle.js:317:42
    241  100.0%      LazyCompile: ~computePruningTable /home/torjus/Projects/cubesolverlib/lib/bundle.js:317:42
    240   99.6%        LazyCompile: ~computePruningTable /home/torjus/Projects/cubesolverlib/lib/bundle.js:317:42
    232   96.7%          LazyCompile: ~computePruningTable /home/torjus/Projects/cubesolverlib/lib/bundle.js:317:42
    201   86.6%            LazyCompile: ~computePruningTable /home/torjus/Projects/cubesolverlib/lib/bundle.js:317:42
     31   13.4%            LazyCompile: ~solve /home/torjus/Projects/cubesolverlib/lib/bundle.js:1310:28
      8    3.3%          LazyCompile: ~solve /home/torjus/Projects/cubesolverlib/lib/bundle.js:1310:28
      5   62.5%            LazyCompile: ~handleSolution /home/torjus/Projects/cubesolverlib/lib/bundle.js:635:37
      3   37.5%            LazyCompile: ~kociemba /home/torjus/Projects/cubesolverlib/lib/bundle.js:670:35

    308    8.9%  LazyCompile: ~computePruningTable /home/torjus/Projects/cubesolverlib/lib/bundle.js:317:42
    306   99.4%    LazyCompile: ~computePruningTable /home/torjus/Projects/cubesolverlib/lib/bundle.js:317:42
    305   99.7%      LazyCompile: ~computePruningTable /home/torjus/Projects/cubesolverlib/lib/bundle.js:317:42
    292   95.7%        LazyCompile: ~computePruningTable /home/torjus/Projects/cubesolverlib/lib/bundle.js:317:42
    278   95.2%          LazyCompile: ~computePruningTable /home/torjus/Projects/cubesolverlib/lib/bundle.js:317:42
    240   86.3%            LazyCompile: ~computePruningTable /home/torjus/Projects/cubesolverlib/lib/bundle.js:317:42
     38   13.7%            LazyCompile: ~solve /home/torjus/Projects/cubesolverlib/lib/bundle.js:1310:28
     14    4.8%          LazyCompile: ~solve /home/torjus/Projects/cubesolverlib/lib/bundle.js:1310:28
      8   57.1%            LazyCompile: ~handleSolution /home/torjus/Projects/cubesolverlib/lib/bundle.js:635:37
      6   42.9%            LazyCompile: ~kociemba /home/torjus/Projects/cubesolverlib/lib/bundle.js:670:35
     13    4.3%        LazyCompile: ~solve /home/torjus/Projects/cubesolverlib/lib/bundle.js:1310:28
      8   61.5%          LazyCompile: ~handleSolution /home/torjus/Projects/cubesolverlib/lib/bundle.js:635:37
      8  100.0%            LazyCompile: ~computePruningTable /home/torjus/Projects/cubesolverlib/lib/bundle.js:317:42
      5   38.5%          LazyCompile: ~kociemba /home/torjus/Projects/cubesolverlib/lib/bundle.js:670:35
      5  100.0%            LazyCompile: ~<anonymous> /home/torjus/Projects/cubesolverlib/lib/bundle.js:421:19

    156    4.5%  LazyCompile: *doMove /home/torjus/Projects/cubesolverlib/lib/bundle.js:524:28
    156  100.0%    LazyCompile: *MoveTable.doMove /home/torjus/Projects/cubesolverlib/lib/bundle.js:1072:30
    144   92.3%      LazyCompile: *computePruningTable /home/torjus/Projects/cubesolverlib/lib/bundle.js:317:42
    144  100.0%        LazyCompile: ~PruningTable /home/torjus/Projects/cubesolverlib/lib/bundle.js:297:26
    144  100.0%          LazyCompile: ~_loop /home/torjus/Projects/cubesolverlib/lib/bundle.js:1201:35
    144  100.0%            LazyCompile: ~Search /home/torjus/Projects/cubesolverlib/lib/bundle.js:1183:20
     11    7.1%      LazyCompile: ~computePruningTable /home/torjus/Projects/cubesolverlib/lib/bundle.js:317:42
     11  100.0%        LazyCompile: ~computePruningTable /home/torjus/Projects/cubesolverlib/lib/bundle.js:317:42
     11  100.0%          LazyCompile: ~computePruningTable /home/torjus/Projects/cubesolverlib/lib/bundle.js:317:42
     10   90.9%            LazyCompile: ~computePruningTable /home/torjus/Projects/cubesolverlib/lib/bundle.js:317:42
      1    9.1%            LazyCompile: ~solve /home/torjus/Projects/cubesolverlib/lib/bundle.js:1310:28

    131    3.8%  LazyCompile: *getPermutationFromIndex /home/torjus/Projects/cubesolverlib/lib/bundle.js:845:99
     40   30.5%    LazyCompile: *<anonymous> /home/torjus/Projects/cubesolverlib/lib/bundle.js:1050:21
     40  100.0%      LazyCompile: ~createMoveTable /home/torjus/Projects/cubesolverlib/lib/bundle.js:1092:38
     40  100.0%        LazyCompile: ~MoveTable /home/torjus/Projects/cubesolverlib/lib/bundle.js:1060:23
     40  100.0%          LazyCompile: ~<anonymous> /home/torjus/Projects/cubesolverlib/lib/bundle.js:421:19
     40  100.0%            Function: ~<anonymous> /home/torjus/Projects/cubesolverlib/lib/bundle.js:406:107
     39   29.8%    LazyCompile: *getMergeCoord /home/torjus/Projects/cubesolverlib/lib/bundle.js:572:45
     39  100.0%      LazyCompile: ~<anonymous> /home/torjus/Projects/cubesolverlib/lib/bundle.js:421:19
     39  100.0%        Function: ~<anonymous> /home/torjus/Projects/cubesolverlib/lib/bundle.js:406:107
     39  100.0%          Function: ~<anonymous> /home/torjus/Projects/cubesolverlib/lib/bundle.js:404:16
     39  100.0%            LazyCompile: ~__webpack_require__ /home/torjus/Projects/cubesolverlib/lib/bundle.js:6:39
     27   20.6%    LazyCompile: *getIndexFromPermutation /home/torjus/Projects/cubesolverlib/lib/bundle.js:800:99
     27  100.0%      LazyCompile: *getVector /home/torjus/Projects/cubesolverlib/lib/bundle.js:511:34
     26   96.3%        LazyCompile: *<anonymous> /home/torjus/Projects/cubesolverlib/lib/bundle.js:1050:21
     26  100.0%          LazyCompile: ~createMoveTable /home/torjus/Projects/cubesolverlib/lib/bundle.js:1092:38
     26  100.0%            LazyCompile: ~MoveTable /home/torjus/Projects/cubesolverlib/lib/bundle.js:1060:23
      1    3.7%        LazyCompile: ~<anonymous> /home/torjus/Projects/cubesolverlib/lib/bundle.js:1050:21
      1  100.0%          LazyCompile: ~createMoveTable /home/torjus/Projects/cubesolverlib/lib/bundle.js:1092:38
      1  100.0%            LazyCompile: ~MoveTable /home/torjus/Projects/cubesolverlib/lib/bundle.js:1060:23
     20   15.3%    LazyCompile: *getVector /home/torjus/Projects/cubesolverlib/lib/bundle.js:607:34
     20  100.0%      LazyCompile: *<anonymous> /home/torjus/Projects/cubesolverlib/lib/bundle.js:1050:21
     20  100.0%        LazyCompile: *createMoveTable /home/torjus/Projects/cubesolverlib/lib/bundle.js:1092:38
     20  100.0%          LazyCompile: ~MoveTable /home/torjus/Projects/cubesolverlib/lib/bundle.js:1060:23
     20  100.0%            LazyCompile: ~<anonymous> /home/torjus/Projects/cubesolverlib/lib/bundle.js:421:19

    107    3.1%  LazyCompile: *getIndexFromPermutation /home/torjus/Projects/cubesolverlib/lib/bundle.js:800:99
     46   43.0%    LazyCompile: *<anonymous> /home/torjus/Projects/cubesolverlib/lib/bundle.js:1050:21
     46  100.0%      LazyCompile: ~createMoveTable /home/torjus/Projects/cubesolverlib/lib/bundle.js:1092:38
     46  100.0%        LazyCompile: ~MoveTable /home/torjus/Projects/cubesolverlib/lib/bundle.js:1060:23
     46  100.0%          LazyCompile: ~<anonymous> /home/torjus/Projects/cubesolverlib/lib/bundle.js:421:19
     46  100.0%            Function: ~<anonymous> /home/torjus/Projects/cubesolverlib/lib/bundle.js:406:107
     30   28.0%    LazyCompile: *getIndex /home/torjus/Projects/cubesolverlib/lib/bundle.js:515:32
     28   93.3%      LazyCompile: *<anonymous> /home/torjus/Projects/cubesolverlib/lib/bundle.js:1050:21
     28  100.0%        LazyCompile: ~createMoveTable /home/torjus/Projects/cubesolverlib/lib/bundle.js:1092:38
     28  100.0%          LazyCompile: ~MoveTable /home/torjus/Projects/cubesolverlib/lib/bundle.js:1060:23
     28  100.0%            LazyCompile: ~<anonymous> /home/torjus/Projects/cubesolverlib/lib/bundle.js:421:19
      2    6.7%      LazyCompile: ~<anonymous> /home/torjus/Projects/cubesolverlib/lib/bundle.js:1050:21
      2  100.0%        LazyCompile: ~createMoveTable /home/torjus/Projects/cubesolverlib/lib/bundle.js:1092:38
      2  100.0%          LazyCompile: ~MoveTable /home/torjus/Projects/cubesolverlib/lib/bundle.js:1060:23
      2  100.0%            LazyCompile: ~<anonymous> /home/torjus/Projects/cubesolverlib/lib/bundle.js:421:19
     19   17.8%    LazyCompile: *getIndex /home/torjus/Projects/cubesolverlib/lib/bundle.js:611:32
     19  100.0%      LazyCompile: *<anonymous> /home/torjus/Projects/cubesolverlib/lib/bundle.js:1050:21
     19  100.0%        LazyCompile: *createMoveTable /home/torjus/Projects/cubesolverlib/lib/bundle.js:1092:38
     19  100.0%          LazyCompile: ~MoveTable /home/torjus/Projects/cubesolverlib/lib/bundle.js:1060:23
     19  100.0%            LazyCompile: ~<anonymous> /home/torjus/Projects/cubesolverlib/lib/bundle.js:421:19
      5    4.7%    LazyCompile: *getMergeCoord /home/torjus/Projects/cubesolverlib/lib/bundle.js:572:45
      5  100.0%      LazyCompile: ~<anonymous> /home/torjus/Projects/cubesolverlib/lib/bundle.js:421:19
      5  100.0%        Function: ~<anonymous> /home/torjus/Projects/cubesolverlib/lib/bundle.js:406:107
      5  100.0%          Function: ~<anonymous> /home/torjus/Projects/cubesolverlib/lib/bundle.js:404:16
      5  100.0%            LazyCompile: ~__webpack_require__ /home/torjus/Projects/cubesolverlib/lib/bundle.js:6:39
      4    3.7%    LazyCompile: *getIndex /home/torjus/Projects/cubesolverlib/lib/bundle.js:554:32
      4  100.0%      LazyCompile: *<anonymous> /home/torjus/Projects/cubesolverlib/lib/bundle.js:1050:21
      4  100.0%        LazyCompile: *createMoveTable /home/torjus/Projects/cubesolverlib/lib/bundle.js:1092:38
      4  100.0%          LazyCompile: ~MoveTable /home/torjus/Projects/cubesolverlib/lib/bundle.js:1060:23
      4  100.0%            LazyCompile: ~<anonymous> /home/torjus/Projects/cubesolverlib/lib/bundle.js:421:19
      3    2.8%    LazyCompile: *getIndex /home/torjus/Projects/cubesolverlib/lib/bundle.js:565:32
      3  100.0%      LazyCompile: *<anonymous> /home/torjus/Projects/cubesolverlib/lib/bundle.js:1050:21
      3  100.0%        LazyCompile: *createMoveTable /home/torjus/Projects/cubesolverlib/lib/bundle.js:1092:38
      3  100.0%          LazyCompile: ~MoveTable /home/torjus/Projects/cubesolverlib/lib/bundle.js:1060:23
      3  100.0%            LazyCompile: ~<anonymous> /home/torjus/Projects/cubesolverlib/lib/bundle.js:421:19

     92    2.7%  UNKNOWN

     81    2.4%  Builtin: CallFunction_ReceiverIsNotNullOrUndefined
     58   71.6%    LazyCompile: *computePruningTable /home/torjus/Projects/cubesolverlib/lib/bundle.js:317:42
     58  100.0%      LazyCompile: ~PruningTable /home/torjus/Projects/cubesolverlib/lib/bundle.js:297:26
     58  100.0%        LazyCompile: ~_loop /home/torjus/Projects/cubesolverlib/lib/bundle.js:1201:35
     58  100.0%          LazyCompile: ~Search /home/torjus/Projects/cubesolverlib/lib/bundle.js:1183:20
     32   55.2%            LazyCompile: ~<anonymous> /home/torjus/Projects/cubesolverlib/lib/bundle.js:421:19
     26   44.8%            LazyCompile: ~PhaseOneSearch /home/torjus/Projects/cubesolverlib/lib/bundle.js:623:28
     15   18.5%    LazyCompile: ~computePruningTable /home/torjus/Projects/cubesolverlib/lib/bundle.js:317:42
     15  100.0%      LazyCompile: ~computePruningTable /home/torjus/Projects/cubesolverlib/lib/bundle.js:317:42
     15  100.0%        LazyCompile: ~computePruningTable /home/torjus/Projects/cubesolverlib/lib/bundle.js:317:42
     15  100.0%          LazyCompile: ~computePruningTable /home/torjus/Projects/cubesolverlib/lib/bundle.js:317:42
     15  100.0%            LazyCompile: ~computePruningTable /home/torjus/Projects/cubesolverlib/lib/bundle.js:317:42
      8    9.9%    LazyCompile: *MoveTable.doMove /home/torjus/Projects/cubesolverlib/lib/bundle.js:1072:30
      8  100.0%      LazyCompile: *computePruningTable /home/torjus/Projects/cubesolverlib/lib/bundle.js:317:42
      8  100.0%        LazyCompile: ~PruningTable /home/torjus/Projects/cubesolverlib/lib/bundle.js:297:26
      8  100.0%          LazyCompile: ~_loop /home/torjus/Projects/cubesolverlib/lib/bundle.js:1201:35
      8  100.0%            LazyCompile: ~Search /home/torjus/Projects/cubesolverlib/lib/bundle.js:1183:20

